# JRE version: OpenJDK Runtime Environment (11.0.11+9) (build 11.0.11+9-b60-7590822)
# Java VM: OpenJDK 64-Bit Server VM (11.0.11+9-b60-7590822, mixed mode, tiered, compressed oops, g1 gc, windows-amd64)
Heap:
 garbage-first heap   total 245760K, used 181376K [0x0000000080000000, 0x0000000100000000)
  region size 1024K, 25 young (25600K), 3 survivors (3072K)
 Metaspace       used 139023K, capacity 142796K, committed 143012K, reserved 1173504K
  class space    used 17190K, capacity 18543K, committed 18560K, reserved 1048576K
GC Heap History (20 events):
Event: 28.572 GC heap before
{Heap before GC invocations=25 (full 0):
 garbage-first heap   total 245760K, used 205797K [0x0000000080000000, 0x0000000100000000)
  region size 1024K, 69 young (70656K), 10 survivors (10240K)
 Metaspace       used 127559K, capacity 130710K, committed 130980K, reserved 1163264K
  class space    used 15979K, capacity 17174K, committed 17280K, reserved 1048576K
}
Event: 28.589 GC heap after
{Heap after GC invocations=26 (full 0):
 garbage-first heap   total 245760K, used 152877K [0x0000000080000000, 0x0000000100000000)
  region size 1024K, 7 young (7168K), 7 survivors (7168K)
 Metaspace       used 127559K, capacity 130710K, committed 130980K, reserved 1163264K
  class space    used 15979K, capacity 17174K, committed 17280K, reserved 1048576K
}
Event: 28.954 GC heap before
{Heap before GC invocations=27 (full 0):
 garbage-first heap   total 245760K, used 206125K [0x0000000080000000, 0x0000000100000000)
  region size 1024K, 60 young (61440K), 7 survivors (7168K)
 Metaspace       used 132262K, capacity 135513K, committed 135716K, reserved 1167360K
  class space    used 16360K, capacity 17600K, committed 17664K, reserved 1048576K
}
Event: 28.957 GC heap after
{Heap after GC invocations=28 (full 0):
 garbage-first heap   total 245760K, used 150046K [0x0000000080000000, 0x0000000100000000)
  region size 1024K, 2 young (2048K), 2 survivors (2048K)
 Metaspace       used 132262K, capacity 135513K, committed 135716K, reserved 1167360K
  class space    used 16360K, capacity 17600K, committed 17664K, reserved 1048576K
}
Event: 29.022 GC heap before
{Heap before GC invocations=28 (full 0):
 garbage-first heap   total 245760K, used 159262K [0x0000000080000000, 0x0000000100000000)
  region size 1024K, 12 young (12288K), 2 survivors (2048K)
 Metaspace       used 132446K, capacity 135705K, committed 135972K, reserved 1167360K
  class space    used 16371K, capacity 17600K, committed 17664K, reserved 1048576K
}
Event: 29.025 GC heap after
{Heap after GC invocations=29 (full 0):
 garbage-first heap   total 245760K, used 149195K [0x0000000080000000, 0x0000000100000000)
  region size 1024K, 1 young (1024K), 1 survivors (1024K)
 Metaspace       used 132446K, capacity 135705K, committed 135972K, reserved 1167360K
  class space    used 16371K, capacity 17600K, committed 17664K, reserved 1048576K
}
Event: 29.395 GC heap before
{Heap before GC invocations=29 (full 0):
 garbage-first heap   total 245760K, used 207563K [0x0000000080000000, 0x0000000100000000)
  region size 1024K, 59 young (60416K), 1 survivors (1024K)
 Metaspace       used 132815K, capacity 136125K, committed 136228K, reserved 1167360K
  class space    used 16397K, capacity 17608K, committed 17664K, reserved 1048576K
}
Event: 29.400 GC heap after
{Heap after GC invocations=30 (full 0):
 garbage-first heap   total 245760K, used 153156K [0x0000000080000000, 0x0000000100000000)
  region size 1024K, 5 young (5120K), 5 survivors (5120K)
 Metaspace       used 132815K, capacity 136125K, committed 136228K, reserved 1167360K
  class space    used 16397K, capacity 17608K, committed 17664K, reserved 1048576K
}
Event: 29.654 GC heap before
{Heap before GC invocations=31 (full 0):
 garbage-first heap   total 245760K, used 208452K [0x0000000080000000, 0x0000000100000000)
  region size 1024K, 61 young (62464K), 5 survivors (5120K)
 Metaspace       used 133635K, capacity 136949K, committed 137124K, reserved 1169408K
  class space    used 16463K, capacity 17691K, committed 17792K, reserved 1048576K
}
Event: 29.658 GC heap after
{Heap after GC invocations=32 (full 0):
 garbage-first heap   total 245760K, used 153095K [0x0000000080000000, 0x0000000100000000)
  region size 1024K, 3 young (3072K), 3 survivors (3072K)
 Metaspace       used 133635K, capacity 136949K, committed 137124K, reserved 1169408K
  class space    used 16463K, capacity 17691K, committed 17792K, reserved 1048576K
}
Event: 29.671 GC heap before
{Heap before GC invocations=32 (full 0):
 garbage-first heap   total 245760K, used 161287K [0x0000000080000000, 0x0000000100000000)
  region size 1024K, 12 young (12288K), 3 survivors (3072K)
 Metaspace       used 133715K, capacity 137040K, committed 137380K, reserved 1169408K
  class space    used 16475K, capacity 17703K, committed 17792K, reserved 1048576K
}
Event: 29.674 GC heap after
{Heap after GC invocations=33 (full 0):
 garbage-first heap   total 245760K, used 151962K [0x0000000080000000, 0x0000000100000000)
  region size 1024K, 1 young (1024K), 1 survivors (1024K)
 Metaspace       used 133715K, capacity 137040K, committed 137380K, reserved 1169408K
  class space    used 16475K, capacity 17703K, committed 17792K, reserved 1048576K
}
Event: 71.040 GC heap before
{Heap before GC invocations=33 (full 0):
 garbage-first heap   total 245760K, used 208282K [0x0000000080000000, 0x0000000100000000)
  region size 1024K, 57 young (58368K), 1 survivors (1024K)
 Metaspace       used 137432K, capacity 141095K, committed 141348K, reserved 1173504K
  class space    used 17023K, capacity 18344K, committed 18432K, reserved 1048576K
}
Event: 71.043 GC heap after
{Heap after GC invocations=34 (full 0):
 garbage-first heap   total 245760K, used 153905K [0x0000000080000000, 0x0000000100000000)
  region size 1024K, 3 young (3072K), 3 survivors (3072K)
 Metaspace       used 137432K, capacity 141095K, committed 141348K, reserved 1173504K
  class space    used 17023K, capacity 18344K, committed 18432K, reserved 1048576K
}
Event: 101.352 GC heap before
{Heap before GC invocations=35 (full 0):
 garbage-first heap   total 245760K, used 209201K [0x0000000080000000, 0x0000000100000000)
  region size 1024K, 58 young (59392K), 3 survivors (3072K)
 Metaspace       used 138327K, capacity 142112K, committed 142244K, reserved 1173504K
  class space    used 17119K, capacity 18451K, committed 18560K, reserved 1048576K
}
Event: 101.359 GC heap after
{Heap after GC invocations=36 (full 0):
 garbage-first heap   total 245760K, used 159734K [0x0000000080000000, 0x0000000100000000)
  region size 1024K, 8 young (8192K), 8 survivors (8192K)
 Metaspace       used 138327K, capacity 142112K, committed 142244K, reserved 1173504K
  class space    used 17119K, capacity 18451K, committed 18560K, reserved 1048576K
}
Event: 101.386 GC heap before
{Heap before GC invocations=36 (full 0):
 garbage-first heap   total 245760K, used 163830K [0x0000000080000000, 0x0000000100000000)
  region size 1024K, 12 young (12288K), 8 survivors (8192K)
 Metaspace       used 138365K, capacity 142126K, committed 142244K, reserved 1173504K
  class space    used 17120K, capacity 18454K, committed 18560K, reserved 1048576K
}
Event: 101.394 GC heap after
{Heap after GC invocations=37 (full 0):
 garbage-first heap   total 245760K, used 159434K [0x0000000080000000, 0x0000000100000000)
  region size 1024K, 2 young (2048K), 2 survivors (2048K)
 Metaspace       used 138365K, capacity 142126K, committed 142244K, reserved 1173504K
  class space    used 17120K, capacity 18454K, committed 18560K, reserved 1048576K
}
Event: 101.582 GC heap before
{Heap before GC invocations=37 (full 0):
 garbage-first heap   total 245760K, used 207562K [0x0000000080000000, 0x0000000100000000)
  region size 1024K, 50 young (51200K), 2 survivors (2048K)
 Metaspace       used 138651K, capacity 142288K, committed 142500K, reserved 1173504K
  class space    used 17134K, capacity 18459K, committed 18560K, reserved 1048576K
}
Event: 101.587 GC heap after
{Heap after GC invocations=38 (full 0):
 garbage-first heap   total 245760K, used 160896K [0x0000000080000000, 0x0000000100000000)
  region size 1024K, 3 young (3072K), 3 survivors (3072K)
 Metaspace       used 138651K, capacity 142288K, committed 142500K, reserved 1173504K
  class space    used 17134K, capacity 18459K, committed 18560K, reserved 1048576K
}

