# JRE version: OpenJDK Runtime Environment (11.0.11+9) (build 11.0.11+9-b60-7590822)
# Java VM: OpenJDK 64-Bit Server VM (11.0.11+9-b60-7590822, mixed mode, tiered, compressed oops, g1 gc, windows-amd64)
Heap:
 garbage-first heap   total 262144K, used 135307K [0x0000000080000000, 0x0000000100000000)
  region size 1024K, 4 young (4096K), 1 survivors (1024K)
 Metaspace       used 135144K, capacity 138719K, committed 140396K, reserved 1171456K
  class space    used 17074K, capacity 18500K, committed 19352K, reserved 1048576K
GC Heap History (20 events):
Event: 18.087 GC heap before
{Heap before GC invocations=23 (full 0):
 garbage-first heap   total 262144K, used 194122K [0x0000000080000000, 0x0000000100000000)
  region size 1024K, 70 young (71680K), 2 survivors (2048K)
 Metaspace       used 127179K, capacity 131387K, committed 131692K, reserved 1163264K
  class space    used 16761K, capacity 18483K, committed 18584K, reserved 1048576K
}
Event: 18.092 GC heap after
{Heap after GC invocations=24 (full 0):
 garbage-first heap   total 262144K, used 127619K [0x0000000080000000, 0x0000000100000000)
  region size 1024K, 3 young (3072K), 3 survivors (3072K)
 Metaspace       used 127179K, capacity 131387K, committed 131692K, reserved 1163264K
  class space    used 16761K, capacity 18483K, committed 18584K, reserved 1048576K
}
Event: 23.838 GC heap before
{Heap before GC invocations=25 (full 0):
 garbage-first heap   total 262144K, used 218755K [0x0000000080000000, 0x0000000100000000)
  region size 1024K, 80 young (81920K), 3 survivors (3072K)
 Metaspace       used 133220K, capacity 137111K, committed 138348K, reserved 1169408K
  class space    used 17253K, capacity 18825K, committed 19352K, reserved 1048576K
}
Event: 23.843 GC heap after
{Heap after GC invocations=26 (full 0):
 garbage-first heap   total 262144K, used 127815K [0x0000000080000000, 0x0000000100000000)
  region size 1024K, 3 young (3072K), 3 survivors (3072K)
 Metaspace       used 133220K, capacity 137111K, committed 138348K, reserved 1169408K
  class space    used 17253K, capacity 18825K, committed 19352K, reserved 1048576K
}
Event: 70.006 GC heap before
{Heap before GC invocations=26 (full 0):
 garbage-first heap   total 262144K, used 137031K [0x0000000080000000, 0x0000000100000000)
  region size 1024K, 12 young (12288K), 3 survivors (3072K)
 Metaspace       used 133492K, capacity 137381K, committed 138348K, reserved 1169408K
  class space    used 17266K, capacity 18839K, committed 19352K, reserved 1048576K
}
Event: 70.011 GC heap after
{Heap after GC invocations=27 (full 0):
 garbage-first heap   total 262144K, used 127825K [0x0000000080000000, 0x0000000100000000)
  region size 1024K, 2 young (2048K), 2 survivors (2048K)
 Metaspace       used 133492K, capacity 137381K, committed 138348K, reserved 1169408K
  class space    used 17266K, capacity 18839K, committed 19352K, reserved 1048576K
}
Event: 71.735 GC heap before
{Heap before GC invocations=27 (full 0):
 garbage-first heap   total 262144K, used 208721K [0x0000000080000000, 0x0000000100000000)
  region size 1024K, 82 young (83968K), 2 survivors (2048K)
 Metaspace       used 134543K, capacity 138522K, committed 139372K, reserved 1169408K
  class space    used 17279K, capacity 18861K, committed 19352K, reserved 1048576K
}
Event: 71.751 GC heap after
{Heap after GC invocations=28 (full 0):
 garbage-first heap   total 262144K, used 134048K [0x0000000080000000, 0x0000000100000000)
  region size 1024K, 8 young (8192K), 8 survivors (8192K)
 Metaspace       used 134543K, capacity 138522K, committed 139372K, reserved 1169408K
  class space    used 17279K, capacity 18861K, committed 19352K, reserved 1048576K
}
Event: 138.853 GC heap before
{Heap before GC invocations=29 (full 0):
 garbage-first heap   total 262144K, used 218016K [0x0000000080000000, 0x0000000100000000)
  region size 1024K, 84 young (86016K), 8 survivors (8192K)
 Metaspace       used 134293K, capacity 137847K, committed 139884K, reserved 1169408K
  class space    used 17034K, capacity 18426K, committed 19352K, reserved 1048576K
}
Event: 138.858 GC heap after
{Heap after GC invocations=30 (full 0):
 garbage-first heap   total 262144K, used 129996K [0x0000000080000000, 0x0000000100000000)
  region size 1024K, 7 young (7168K), 7 survivors (7168K)
 Metaspace       used 134293K, capacity 137847K, committed 139884K, reserved 1169408K
  class space    used 17034K, capacity 18426K, committed 19352K, reserved 1048576K
}
Event: 138.896 GC heap before
{Heap before GC invocations=30 (full 0):
 garbage-first heap   total 262144K, used 135116K [0x0000000080000000, 0x0000000100000000)
  region size 1024K, 12 young (12288K), 7 survivors (7168K)
 Metaspace       used 134316K, capacity 137864K, committed 139884K, reserved 1169408K
  class space    used 17036K, capacity 18430K, committed 19352K, reserved 1048576K
}
Event: 138.902 GC heap after
{Heap after GC invocations=31 (full 0):
 garbage-first heap   total 262144K, used 114283K [0x0000000080000000, 0x0000000100000000)
  region size 1024K, 2 young (2048K), 2 survivors (2048K)
 Metaspace       used 134316K, capacity 137864K, committed 139884K, reserved 1169408K
  class space    used 17036K, capacity 18430K, committed 19352K, reserved 1048576K
}
Event: 140.037 GC heap before
{Heap before GC invocations=31 (full 0):
 garbage-first heap   total 262144K, used 157291K [0x0000000080000000, 0x0000000100000000)
  region size 1024K, 46 young (47104K), 2 survivors (2048K)
 Metaspace       used 134577K, capacity 138141K, committed 140140K, reserved 1169408K
  class space    used 17049K, capacity 18454K, committed 19352K, reserved 1048576K
}
Event: 140.043 GC heap after
{Heap after GC invocations=32 (full 0):
 garbage-first heap   total 262144K, used 115277K [0x0000000080000000, 0x0000000100000000)
  region size 1024K, 3 young (3072K), 3 survivors (3072K)
 Metaspace       used 134577K, capacity 138141K, committed 140140K, reserved 1169408K
  class space    used 17049K, capacity 18454K, committed 19352K, reserved 1048576K
}
Event: 158.375 GC heap before
{Heap before GC invocations=33 (full 0):
 garbage-first heap   total 262144K, used 219725K [0x0000000080000000, 0x0000000100000000)
  region size 1024K, 95 young (97280K), 3 survivors (3072K)
 Metaspace       used 135109K, capacity 138710K, committed 140396K, reserved 1171456K
  class space    used 17073K, capacity 18498K, committed 19352K, reserved 1048576K
}
Event: 158.382 GC heap after
{Heap after GC invocations=34 (full 0):
 garbage-first heap   total 262144K, used 122570K [0x0000000080000000, 0x0000000100000000)
  region size 1024K, 10 young (10240K), 10 survivors (10240K)
 Metaspace       used 135109K, capacity 138710K, committed 140396K, reserved 1171456K
  class space    used 17073K, capacity 18498K, committed 19352K, reserved 1048576K
}
Event: 158.389 GC heap before
{Heap before GC invocations=34 (full 0):
 garbage-first heap   total 262144K, used 124618K [0x0000000080000000, 0x0000000100000000)
  region size 1024K, 12 young (12288K), 10 survivors (10240K)
 Metaspace       used 135113K, capacity 138710K, committed 140396K, reserved 1171456K
  class space    used 17073K, capacity 18498K, committed 19352K, reserved 1048576K
}
Event: 158.394 GC heap after
{Heap after GC invocations=35 (full 0):
 garbage-first heap   total 262144K, used 122413K [0x0000000080000000, 0x0000000100000000)
  region size 1024K, 1 young (1024K), 1 survivors (1024K)
 Metaspace       used 135113K, capacity 138710K, committed 140396K, reserved 1171456K
  class space    used 17073K, capacity 18498K, committed 19352K, reserved 1048576K
}
Event: 158.436 GC heap before
{Heap before GC invocations=35 (full 0):
 garbage-first heap   total 262144K, used 131629K [0x0000000080000000, 0x0000000100000000)
  region size 1024K, 12 young (12288K), 1 survivors (1024K)
 Metaspace       used 135114K, capacity 138710K, committed 140396K, reserved 1171456K
  class space    used 17073K, capacity 18498K, committed 19352K, reserved 1048576K
}
Event: 158.440 GC heap after
{Heap after GC invocations=36 (full 0):
 garbage-first heap   total 262144K, used 121995K [0x0000000080000000, 0x0000000100000000)
  region size 1024K, 1 young (1024K), 1 survivors (1024K)
 Metaspace       used 135114K, capacity 138710K, committed 140396K, reserved 1171456K
  class space    used 17073K, capacity 18498K, committed 19352K, reserved 1048576K
}

