# JRE version: OpenJDK Runtime Environment (11.0.11+9) (build 11.0.11+9-b60-7590822)
# Java VM: OpenJDK 64-Bit Server VM (11.0.11+9-b60-7590822, mixed mode, tiered, compressed oops, g1 gc, windows-amd64)
Heap:
 garbage-first heap   total 262144K, used 122912K [0x0000000080000000, 0x0000000100000000)
  region size 1024K, 11 young (11264K), 2 survivors (2048K)
 Metaspace       used 133774K, capacity 138676K, committed 138904K, reserved 1169408K
  class space    used 16524K, capacity 18298K, committed 18380K, reserved 1048576K
GC Heap History (20 events):
Event: 4657.733 GC heap after
{Heap after GC invocations=106 (full 0):
 garbage-first heap   total 262144K, used 117042K [0x0000000080000000, 0x0000000100000000)
  region size 1024K, 7 young (7168K), 7 survivors (7168K)
 Metaspace       used 131674K, capacity 135687K, committed 136472K, reserved 1167360K
  class space    used 16190K, capacity 17680K, committed 18252K, reserved 1048576K
}
Event: 4804.650 GC heap before
{Heap before GC invocations=107 (full 0):
 garbage-first heap   total 262144K, used 188722K [0x0000000080000000, 0x0000000100000000)
  region size 1024K, 62 young (63488K), 7 survivors (7168K)
 Metaspace       used 132666K, capacity 137224K, committed 137496K, reserved 1169408K
  class space    used 16398K, capacity 18066K, committed 18252K, reserved 1048576K
}
Event: 4804.656 GC heap after
{Heap after GC invocations=108 (full 0):
 garbage-first heap   total 262144K, used 115896K [0x0000000080000000, 0x0000000100000000)
  region size 1024K, 4 young (4096K), 4 survivors (4096K)
 Metaspace       used 132666K, capacity 137224K, committed 137496K, reserved 1169408K
  class space    used 16398K, capacity 18066K, committed 18252K, reserved 1048576K
}
Event: 4805.585 GC heap before
{Heap before GC invocations=108 (full 0):
 garbage-first heap   total 262144K, used 178360K [0x0000000080000000, 0x0000000100000000)
  region size 1024K, 66 young (67584K), 4 survivors (4096K)
 Metaspace       used 133312K, capacity 138101K, committed 138264K, reserved 1169408K
  class space    used 16483K, capacity 18223K, committed 18252K, reserved 1048576K
}
Event: 4805.594 GC heap after
{Heap after GC invocations=109 (full 0):
 garbage-first heap   total 262144K, used 121744K [0x0000000080000000, 0x0000000100000000)
  region size 1024K, 9 young (9216K), 9 survivors (9216K)
 Metaspace       used 133312K, capacity 138101K, committed 138264K, reserved 1169408K
  class space    used 16483K, capacity 18223K, committed 18252K, reserved 1048576K
}
Event: 5063.387 GC heap before
{Heap before GC invocations=110 (full 0):
 garbage-first heap   total 262144K, used 197520K [0x0000000080000000, 0x0000000100000000)
  region size 1024K, 73 young (74752K), 9 survivors (9216K)
 Metaspace       used 133471K, capacity 138280K, committed 138648K, reserved 1169408K
  class space    used 16500K, capacity 18254K, committed 18380K, reserved 1048576K
}
Event: 5063.395 GC heap after
{Heap after GC invocations=111 (full 0):
 garbage-first heap   total 262144K, used 120480K [0x0000000080000000, 0x0000000100000000)
  region size 1024K, 6 young (6144K), 6 survivors (6144K)
 Metaspace       used 133471K, capacity 138280K, committed 138648K, reserved 1169408K
  class space    used 16500K, capacity 18254K, committed 18380K, reserved 1048576K
}
Event: 5063.454 GC heap before
{Heap before GC invocations=111 (full 0):
 garbage-first heap   total 262144K, used 125600K [0x0000000080000000, 0x0000000100000000)
  region size 1024K, 12 young (12288K), 6 survivors (6144K)
 Metaspace       used 133510K, capacity 138398K, committed 138648K, reserved 1169408K
  class space    used 16506K, capacity 18265K, committed 18380K, reserved 1048576K
}
Event: 5063.461 GC heap after
{Heap after GC invocations=112 (full 0):
 garbage-first heap   total 262144K, used 115195K [0x0000000080000000, 0x0000000100000000)
  region size 1024K, 2 young (2048K), 2 survivors (2048K)
 Metaspace       used 133510K, capacity 138398K, committed 138648K, reserved 1169408K
  class space    used 16506K, capacity 18265K, committed 18380K, reserved 1048576K
}
Event: 5063.487 GC heap before
{Heap before GC invocations=112 (full 0):
 garbage-first heap   total 262144K, used 124411K [0x0000000080000000, 0x0000000100000000)
  region size 1024K, 12 young (12288K), 2 survivors (2048K)
 Metaspace       used 133519K, capacity 138404K, committed 138648K, reserved 1169408K
  class space    used 16507K, capacity 18267K, committed 18380K, reserved 1048576K
}
Event: 5063.494 GC heap after
{Heap after GC invocations=113 (full 0):
 garbage-first heap   total 262144K, used 115238K [0x0000000080000000, 0x0000000100000000)
  region size 1024K, 2 young (2048K), 2 survivors (2048K)
 Metaspace       used 133519K, capacity 138404K, committed 138648K, reserved 1169408K
  class space    used 16507K, capacity 18267K, committed 18380K, reserved 1048576K
}
Event: 5064.549 GC heap before
{Heap before GC invocations=114 (full 0):
 garbage-first heap   total 262144K, used 207398K [0x0000000080000000, 0x0000000100000000)
  region size 1024K, 76 young (77824K), 2 survivors (2048K)
 Metaspace       used 133611K, capacity 138517K, committed 138648K, reserved 1169408K
  class space    used 16515K, capacity 18282K, committed 18380K, reserved 1048576K
}
Event: 5064.554 GC heap after
{Heap after GC invocations=115 (full 0):
 garbage-first heap   total 262144K, used 121434K [0x0000000080000000, 0x0000000100000000)
  region size 1024K, 8 young (8192K), 8 survivors (8192K)
 Metaspace       used 133611K, capacity 138517K, committed 138648K, reserved 1169408K
  class space    used 16515K, capacity 18282K, committed 18380K, reserved 1048576K
}
Event: 5064.558 GC heap before
{Heap before GC invocations=115 (full 0):
 garbage-first heap   total 262144K, used 125530K [0x0000000080000000, 0x0000000100000000)
  region size 1024K, 12 young (12288K), 8 survivors (8192K)
 Metaspace       used 133611K, capacity 138517K, committed 138648K, reserved 1169408K
  class space    used 16515K, capacity 18282K, committed 18380K, reserved 1048576K
}
Event: 5064.568 GC heap after
{Heap after GC invocations=116 (full 0):
 garbage-first heap   total 262144K, used 112124K [0x0000000080000000, 0x0000000100000000)
  region size 1024K, 2 young (2048K), 2 survivors (2048K)
 Metaspace       used 133611K, capacity 138517K, committed 138648K, reserved 1169408K
  class space    used 16515K, capacity 18282K, committed 18380K, reserved 1048576K
}
Event: 5065.611 GC heap before
{Heap before GC invocations=116 (full 0):
 garbage-first heap   total 262144K, used 163324K [0x0000000080000000, 0x0000000100000000)
  region size 1024K, 53 young (54272K), 2 survivors (2048K)
 Metaspace       used 133661K, capacity 138583K, committed 138904K, reserved 1169408K
  class space    used 16522K, capacity 18295K, committed 18380K, reserved 1048576K
}
Event: 5065.617 GC heap after
{Heap after GC invocations=117 (full 0):
 garbage-first heap   total 262144K, used 113182K [0x0000000080000000, 0x0000000100000000)
  region size 1024K, 3 young (3072K), 3 survivors (3072K)
 Metaspace       used 133661K, capacity 138583K, committed 138904K, reserved 1169408K
  class space    used 16522K, capacity 18295K, committed 18380K, reserved 1048576K
}
Event: 5065.865 GC heap before
{Heap before GC invocations=118 (full 0):
 garbage-first heap   total 262144K, used 198174K [0x0000000080000000, 0x0000000100000000)
  region size 1024K, 84 young (86016K), 3 survivors (3072K)
 Metaspace       used 133771K, capacity 138676K, committed 138904K, reserved 1169408K
  class space    used 16524K, capacity 18298K, committed 18380K, reserved 1048576K
}
Event: 5065.868 GC heap after
{Heap after GC invocations=119 (full 0):
 garbage-first heap   total 262144K, used 113696K [0x0000000080000000, 0x0000000100000000)
  region size 1024K, 3 young (3072K), 3 survivors (3072K)
 Metaspace       used 133771K, capacity 138676K, committed 138904K, reserved 1169408K
  class space    used 16524K, capacity 18298K, committed 18380K, reserved 1048576K
}
Event: 5065.881 GC heap before
{Heap before GC invocations=119 (full 0):
 garbage-first heap   total 262144K, used 121888K [0x0000000080000000, 0x0000000100000000)
  region size 1024K, 12 young (12288K), 3 survivors (3072K)
 Metaspace       used 133774K, capacity 138676K, committed 138904K, reserved 1169408K
  class space    used 16524K, capacity 18298K, committed 18380K, reserved 1048576K
}

